{"D:\\code\\Github\\Repos\\tdjsa\\tdd\\server\\palindrome\\src\\palindrome.js":{"path":"D:\\code\\Github\\Repos\\tdjsa\\tdd\\server\\palindrome\\src\\palindrome.js","s":{"1":1,"2":8,"3":1,"4":7},"b":{"1":[1,7],"2":[7,5]},"f":{"1":8},"fnMap":{"1":{"name":"(anonymous_1)","line":1,"loc":{"start":{"line":1,"column":17},"end":{"line":1,"column":33}}}},"statementMap":{"1":{"start":{"line":1,"column":0},"end":{"line":4,"column":1}},"2":{"start":{"line":2,"column":4},"end":{"line":2,"column":65}},"3":{"start":{"line":2,"column":30},"end":{"line":2,"column":65}},"4":{"start":{"line":3,"column":4},"end":{"line":3,"column":84}}},"branchMap":{"1":{"line":2,"type":"if","locations":[{"start":{"line":2,"column":4},"end":{"line":2,"column":4}},{"start":{"line":2,"column":4},"end":{"line":2,"column":4}}]},"2":{"line":3,"type":"binary-expr","locations":[{"start":{"line":3,"column":11},"end":{"line":3,"column":35}},{"start":{"line":3,"column":39},"end":{"line":3,"column":83}}]}}}}