{"D:\\code\\Github\\Repos\\tdjsa\\testnode\\stockfetch\\src\\stockfetch.js":{"path":"D:\\code\\Github\\Repos\\tdjsa\\testnode\\stockfetch\\src\\stockfetch.js","s":{"1":1,"2":2,"3":1,"4":1},"b":{},"f":{"1":2,"2":1},"fnMap":{"1":{"name":"(anonymous_1)","line":1,"loc":{"start":{"line":1,"column":17},"end":{"line":1,"column":28}}},"2":{"name":"(anonymous_2)","line":2,"loc":{"start":{"line":2,"column":24},"end":{"line":2,"column":52}}}},"statementMap":{"1":{"start":{"line":1,"column":0},"end":{"line":5,"column":2}},"2":{"start":{"line":2,"column":1},"end":{"line":4,"column":3}},"3":{"start":{"line":3,"column":2},"end":{"line":3,"column":45}},"4":{"start":{"line":6,"column":0},"end":{"line":6,"column":28}}},"branchMap":{}}}